[I 2025-08-01 16:11:28,385] Trial 14 finished with value: 0.9195 and parameters: {'lr': 0.0027644233872404548, 'weight_decay': 1.0946381047623378e-05}. Best is trial 12 with value: 0.9278333333333333.
📊 Epoch 20/20 | Val Acc: 0.9195
✅ Best Params for mobilenet_v2 on fashion: {'lr': 0.0028309852006291976, 'weight_decay': 0.0001829693458682074}
🏁 Best Val Accuracy: 0.9278

✅ Finished Optuna HPO for ResNet18 on flowers
Best LR: 0.0028309852006291976
Best Weight Decay: 0.0001829693458682074
Best Final Accuracy: 0.9278