[I 2025-07-31 23:37:54,694] Trial 14 finished with value: 0.5623365300784655 and parameters: {'lr': 0.0003641084038322838, 'weight_decay': 0.0005888369597176447}. Best is trial 13 with value: 0.6922406277244987.
📊 Epoch 20/20 | Val Acc: 0.5623
✅ Best Params for resnet18 on flowers: {'lr': 0.0003498223657876835, 'weight_decay': 0.0007347274364999834}
🏁 Best Val Accuracy: 0.6922

✅ Finished Optuna HPO for ResNet18 on flowers
Best LR: 0.0003498223657876835
Best Weight Decay: 0.0007347274364999834
Best Final Accuracy: 0.6922